<?xml version="1.0" encoding="UTF-8"?>
<!-- Generated by org.testng.reporters.JUnitReportReporter -->
<testsuite hostname="EC2AMAZ-S11DBRH" failures="0" tests="1" name="runners.reRunRunner" time="6.853" errors="0" timestamp="2023-12-01T14:16:36 GMT" skipped="0">
  <testcase classname="runners.reRunRunner" name="runScenario" time="6.853"/>
  <system-out/>
</testsuite> <!-- runners.reRunRunner -->
