<?xml version="1.0" encoding="UTF-8"?>
<!-- Generated by org.testng.reporters.JUnitReportReporter -->
<testsuite hostname="EC2AMAZ-S11DBRH" failures="0" tests="2" name="runners.SampleRunner" time="14.218" errors="0" timestamp="2023-12-01T14:30:18 GMT" skipped="0">
  <testcase classname="runners.SampleRunner" name="runScenario" time="6.176"/>
  <system-out/>
  <testcase classname="runners.SampleRunner" name="runScenario" time="8.042"/>
  <system-out/>
</testsuite> <!-- runners.SampleRunner -->
